{"timestamp": "2026-07-21T07:43:59.765272+00:00", "level": "ERROR", "logger": "trading_bot.cli", "message": "Order failed: Invalid side 'INVALID'.  Must be 'BUY' or 'SELL'.", "module": "cli", "function": "order", "line": 347}
{"timestamp": "2026-07-21T07:44:03.492935+00:00", "level": "ERROR", "logger": "trading_bot.cli", "message": "Order failed: Price is required for LIMIT orders.", "module": "cli", "function": "order", "line": 347}
{"timestamp": "2026-07-21T09:35:29.709112+00:00", "level": "INFO", "logger": "trading_bot.client", "message": "BinanceClient initialized (base_url=https://testnet.binancefuture.com, key=VWy1****V1gU)", "module": "client", "function": "__init__", "line": 76}
{"timestamp": "2026-07-21T09:35:29.711099+00:00", "level": "DEBUG", "logger": "trading_bot.client", "message": "API request [1/3]: GET /fapi/v1/time params={}", "module": "client", "function": "_make_request", "line": 171}
{"timestamp": "2026-07-21T09:35:30.170969+00:00", "level": "DEBUG", "logger": "trading_bot.client", "message": "API response [/fapi/v1/time]: status=200", "module": "client", "function": "_make_request", "line": 189}
{"timestamp": "2026-07-21T09:35:30.171207+00:00", "level": "INFO", "logger": "trading_bot.client", "message": "Time synced with server (offset=3694ms)", "module": "client", "function": "sync_time", "line": 293}
{"timestamp": "2026-07-21T09:35:30.172811+00:00", "level": "DEBUG", "logger": "trading_bot.client", "message": "API request [1/3]: GET /fapi/v2/account params={'timestamp': 1784626533866, 'recvWindow': 5000}", "module": "client", "function": "_make_request", "line": 171}
{"timestamp": "2026-07-21T09:35:30.420492+00:00", "level": "DEBUG", "logger": "trading_bot.client", "message": "API response [/fapi/v2/account]: status=200", "module": "client", "function": "_make_request", "line": 189}
{"timestamp": "2026-07-21T09:35:44.402402+00:00", "level": "INFO", "logger": "trading_bot.client", "message": "BinanceClient initialized (base_url=https://testnet.binancefuture.com, key=VWy1****V1gU)", "module": "client", "function": "__init__", "line": 76}
{"timestamp": "2026-07-21T09:35:44.403944+00:00", "level": "DEBUG", "logger": "trading_bot.client", "message": "API request [1/3]: GET /fapi/v1/time params={}", "module": "client", "function": "_make_request", "line": 171}
{"timestamp": "2026-07-21T09:35:44.733859+00:00", "level": "DEBUG", "logger": "trading_bot.client", "message": "API response [/fapi/v1/time]: status=200", "module": "client", "function": "_make_request", "line": 189}
{"timestamp": "2026-07-21T09:35:44.733973+00:00", "level": "INFO", "logger": "trading_bot.client", "message": "Time synced with server (offset=3570ms)", "module": "client", "function": "sync_time", "line": 293}
{"timestamp": "2026-07-21T09:35:44.735501+00:00", "level": "INFO", "logger": "trading_bot.orders", "message": "Processing order: MARKET BUY BTCUSDT qty=0.001", "module": "orders", "function": "place_order", "line": 73}
{"timestamp": "2026-07-21T09:35:44.736684+00:00", "level": "INFO", "logger": "trading_bot.validators", "message": "Loading exchange info from API...", "module": "validators", "function": "load_exchange_info", "line": 56}
{"timestamp": "2026-07-21T09:35:44.737517+00:00", "level": "DEBUG", "logger": "trading_bot.client", "message": "API request [1/3]: GET /fapi/v1/exchangeInfo params={}", "module": "client", "function": "_make_request", "line": 171}
{"timestamp": "2026-07-21T09:35:45.112131+00:00", "level": "DEBUG", "logger": "trading_bot.client", "message": "API response [/fapi/v1/exchangeInfo]: status=200", "module": "client", "function": "_make_request", "line": 189}
{"timestamp": "2026-07-21T09:35:45.127879+00:00", "level": "INFO", "logger": "trading_bot.validators", "message": "Cached 729 trading pairs", "module": "validators", "function": "load_exchange_info", "line": 69}
{"timestamp": "2026-07-21T09:35:45.130026+00:00", "level": "INFO", "logger": "trading_bot.validators", "message": "Order validation passed for BTCUSDT", "module": "validators", "function": "validate_order", "line": 170}
{"timestamp": "2026-07-21T09:35:45.130764+00:00", "level": "INFO", "logger": "trading_bot.orders", "message": "Sending order to exchange...", "module": "orders", "function": "place_order", "line": 88}
{"timestamp": "2026-07-21T09:35:45.131580+00:00", "level": "INFO", "logger": "trading_bot.client", "message": "Placing order: symbol=BTCUSDT side=BUY type=MARKET qty=0.001", "module": "client", "function": "place_order", "line": 343}
{"timestamp": "2026-07-21T09:35:45.133226+00:00", "level": "DEBUG", "logger": "trading_bot.client", "message": "API request [1/3]: POST /fapi/v1/order params={'symbol': 'BTCUSDT', 'side': 'BUY', 'type': 'MARKET', 'quantity': '0.001', 'newOrderRespType': 'RESULT', 'timestamp': 1784626548703, 'recvWindow': 5000}", "module": "client", "function": "_make_request", "line": 171}
{"timestamp": "2026-07-21T09:35:45.330622+00:00", "level": "DEBUG", "logger": "trading_bot.client", "message": "API response [/fapi/v1/order]: status=200", "module": "client", "function": "_make_request", "line": 189}
{"timestamp": "2026-07-21T09:35:45.330790+00:00", "level": "INFO", "logger": "trading_bot.client", "message": "Order response: orderId=23129699723 status=FILLED executedQty=0.0010 avgPrice=None", "module": "client", "function": "place_order", "line": 351}
{"timestamp": "2026-07-21T09:35:45.331906+00:00", "level": "INFO", "logger": "trading_bot.orders", "message": "Order placed: orderId=23129699723 status=FILLED executedQty=0.0010 avgPrice=0", "module": "orders", "function": "place_order", "line": 93}
{"timestamp": "2026-07-21T09:35:48.888721+00:00", "level": "INFO", "logger": "trading_bot.client", "message": "BinanceClient initialized (base_url=https://testnet.binancefuture.com, key=VWy1****V1gU)", "module": "client", "function": "__init__", "line": 76}
{"timestamp": "2026-07-21T09:35:48.890215+00:00", "level": "DEBUG", "logger": "trading_bot.client", "message": "API request [1/3]: GET /fapi/v1/time params={}", "module": "client", "function": "_make_request", "line": 171}
{"timestamp": "2026-07-21T09:35:49.281434+00:00", "level": "DEBUG", "logger": "trading_bot.client", "message": "API response [/fapi/v1/time]: status=200", "module": "client", "function": "_make_request", "line": 189}
{"timestamp": "2026-07-21T09:35:49.281610+00:00", "level": "INFO", "logger": "trading_bot.client", "message": "Time synced with server (offset=3622ms)", "module": "client", "function": "sync_time", "line": 293}
{"timestamp": "2026-07-21T09:35:49.283521+00:00", "level": "INFO", "logger": "trading_bot.orders", "message": "Processing order: LIMIT BUY BTCUSDT qty=0.001", "module": "orders", "function": "place_order", "line": 73}
{"timestamp": "2026-07-21T09:35:49.284328+00:00", "level": "INFO", "logger": "trading_bot.validators", "message": "Loading exchange info from API...", "module": "validators", "function": "load_exchange_info", "line": 56}
{"timestamp": "2026-07-21T09:35:49.285320+00:00", "level": "DEBUG", "logger": "trading_bot.client", "message": "API request [1/3]: GET /fapi/v1/exchangeInfo params={}", "module": "client", "function": "_make_request", "line": 171}
{"timestamp": "2026-07-21T09:35:49.508406+00:00", "level": "DEBUG", "logger": "trading_bot.client", "message": "API response [/fapi/v1/exchangeInfo]: status=200", "module": "client", "function": "_make_request", "line": 189}
{"timestamp": "2026-07-21T09:35:49.518242+00:00", "level": "INFO", "logger": "trading_bot.validators", "message": "Cached 729 trading pairs", "module": "validators", "function": "load_exchange_info", "line": 69}
{"timestamp": "2026-07-21T09:35:49.520188+00:00", "level": "INFO", "logger": "trading_bot.validators", "message": "Order validation passed for BTCUSDT", "module": "validators", "function": "validate_order", "line": 170}
{"timestamp": "2026-07-21T09:35:49.520930+00:00", "level": "INFO", "logger": "trading_bot.orders", "message": "Sending order to exchange...", "module": "orders", "function": "place_order", "line": 88}
{"timestamp": "2026-07-21T09:35:49.521655+00:00", "level": "INFO", "logger": "trading_bot.client", "message": "Placing order: symbol=BTCUSDT side=BUY type=LIMIT qty=0.001", "module": "client", "function": "place_order", "line": 343}
{"timestamp": "2026-07-21T09:35:49.522615+00:00", "level": "DEBUG", "logger": "trading_bot.client", "message": "API request [1/3]: POST /fapi/v1/order params={'symbol': 'BTCUSDT', 'side': 'BUY', 'type': 'LIMIT', 'quantity': '0.001', 'price': '50000', 'timeInForce': 'GTC', 'newOrderRespType': 'RESULT', 'timestamp': 1784626553144, 'recvWindow': 5000}", "module": "client", "function": "_make_request", "line": 171}
{"timestamp": "2026-07-21T09:35:49.760979+00:00", "level": "DEBUG", "logger": "trading_bot.client", "message": "API response [/fapi/v1/order]: status=200", "module": "client", "function": "_make_request", "line": 189}
{"timestamp": "2026-07-21T09:35:49.761152+00:00", "level": "INFO", "logger": "trading_bot.client", "message": "Order response: orderId=23129709927 status=NEW executedQty=0.0000 avgPrice=None", "module": "client", "function": "place_order", "line": 351}
{"timestamp": "2026-07-21T09:35:49.762371+00:00", "level": "INFO", "logger": "trading_bot.orders", "message": "Order placed: orderId=23129709927 status=NEW executedQty=0.0000 avgPrice=0", "module": "orders", "function": "place_order", "line": 93}
